<?xml version="1.0" encoding="UTF-8"?>
<!-- Generated by org.testng.reporters.JUnitReportReporter -->
<testsuite hostname="thrymr-All-Series" failures="0" tests="1" name="TestCases.TC_00_Login_Page" time="5.023" errors="0" timestamp="2024-12-06T16:43:07 IST" skipped="0">
  <testcase classname="TestCases.TC_00_Login_Page" name="loginPageValidation" time="5.023"/>
</testsuite> <!-- TestCases.TC_00_Login_Page -->
