<?xml version="1.0" encoding="UTF-8"?>
<!-- Generated by org.testng.reporters.JUnitReportReporter -->
<testsuite hostname="thrymr-All-Series" failures="0" tests="1" name="TestCases.TC_01_Login" time="15.409" errors="0" timestamp="2024-12-06T17:01:21 IST" skipped="0">
  <testcase classname="TestCases.TC_01_Login" name="correctCreds" time="15.409"/>
</testsuite> <!-- TestCases.TC_01_Login -->
